#
# There is insufficient memory for the Java Runtime Environment to continue.
# Native memory allocation (malloc) failed to allocate 387856 bytes for Chunk::new
# Possible reasons:
#   The system is out of physical RAM or swap space
#   In 32 bit mode, the process size limit was hit
# Possible solutions:
#   Reduce memory load on the system
#   Increase physical memory or swap space
#   Check if swap backing store is full
#   Use 64 bit Java on a 64 bit OS
#   Decrease Java heap size (-Xmx/-Xms)
#   Decrease number of Java threads
#   Decrease Java thread stack sizes (-Xss)
#   Set larger code cache with -XX:ReservedCodeCacheSize=
# This output file may be truncated or incomplete.
#
#  Out of Memory Error (allocation.cpp:323), pid=1628, tid=712
#
# JRE version: Java(TM) SE Runtime Environment (7.0_67-b01) (build 1.7.0_67-b01)
# Java VM: Java HotSpot(TM) 64-Bit Server VM (24.65-b04 mixed mode windows-amd64 compressed oops)
# Failed to write core dump. Minidumps are not enabled by default on client versions of Windows
#

---------------  T H R E A D  ---------------

Current thread (0x000000000205a000):  JavaThread "C2 CompilerThread1" daemon [_thread_in_native, id=712, stack(0x000000000aa80000,0x000000000ab80000)]

Stack: [0x000000000aa80000,0x000000000ab80000]
[error occurred during error reporting (printing stack bounds), id 0xc0000005]


[error occurred during error reporting (printing native stack), id 0xc0000005]


Current CompileTask:
C2:   1203  380             com.android.dex.Dex$Section::readCode (136 bytes)


---------------  P R O C E S S  ---------------

Java Threads: ( => current thread )
  0x000000000205b800 JavaThread "Service Thread" daemon [_thread_blocked, id=3616, stack(0x000000000ab80000,0x000000000ac80000)]
=>0x000000000205a000 JavaThread "C2 CompilerThread1" daemon [_thread_in_native, id=712, stack(0x000000000aa80000,0x000000000ab80000)]
  0x0000000002056800 JavaThread "C2 CompilerThread0" daemon [_thread_in_native, id=920, stack(0x000000000a980000,0x000000000aa80000)]
  0x000000000a3a1000 JavaThread "Attach Listener" daemon [_thread_blocked, id=7092, stack(0x000000000a880000,0x000000000a980000)]
  0x000000000a3a0800 JavaThread "Signal Dispatcher" daemon [_thread_blocked, id=7876, stack(0x000000000a780000,0x000000000a880000)]
  0x00000000083ae800 JavaThread "Finalizer" daemon [_thread_blocked, id=7944, stack(0x000000000a280000,0x000000000a380000)]
  0x00000000083a8000 JavaThread "Reference Handler" daemon [_thread_blocked, id=1984, stack(0x000000000a180000,0x000000000a280000)]
  0x0000000001f60800 JavaThread "main" [_thread_in_Java, id=3804, stack(0x0000000001e60000,0x0000000001f60000)]

Other Threads:
  0x00000000083a4800 VMThread [stack: 0x000000000a080000,0x000000000a180000] [id=6044]
  0x000000000a3b0800 WatcherThread [stack: 0x000000000ac80000,0x000000000ad80000] [id=428]

VM state:not at safepoint (normal execution)

VM Mutex/Monitor currently owned by a thread: None

Heap
 PSYoungGen      total 53760K, used 26961K [0x00000000eaa80000, 0x00000000ee280000, 0x0000000100000000)
  eden space 50176K, 46% used [0x00000000eaa80000,0x00000000ec158458,0x00000000edb80000)
  from space 3584K, 99% used [0x00000000edf00000,0x00000000ee27c000,0x00000000ee280000)
  to   space 3584K, 0% used [0x00000000edb80000,0x00000000edb80000,0x00000000edf00000)
 ParOldGen       total 64000K, used 32356K [0x00000000c0000000, 0x00000000c3e80000, 0x00000000eaa80000)
  object space 64000K, 50% used [0x00000000c0000000,0x00000000c1f99048,0x00000000c3e80000)
 PSPermGen       total 21504K, used 6390K [0x00000000bae00000, 0x00000000bc300000, 0x00000000c0000000)
  object space 21504K, 29% used [0x00000000bae00000,0x00000000bb43dbc0,0x00000000bc300000)

Card table byte_map: [0x0000000005120000,0x0000000005350000] byte_map_base: 0x0000000004b49000

Polling page: 0x00000000006f0000

Code Cache  [0x0000000002060000, 0x00000000022d0000, 0x0000000005060000)
 total_blobs=637 nmethods=380 adapters=209 free_code_cache=48058Kb largest_free_block=49161856

Compilation events (10 events):
Event: 1.150 Thread 0x0000000002056800 nmethod 377 0x0000000002157410 code [0x0000000002157540, 0x0000000002157598]
Event: 1.150 Thread 0x0000000002056800  378             com.android.dex.Dex::readCode (28 bytes)
Event: 1.150 Thread 0x000000000205a000 nmethod 371% 0x00000000021616d0 code [0x00000000021618c0, 0x0000000002161ff0]
Event: 1.150 Thread 0x000000000205a000  379             com.android.dex.Dex$Section::access$900 (5 bytes)
Event: 1.184 Thread 0x000000000205a000 nmethod 379 0x0000000002170f10 code [0x0000000002171200, 0x00000000021729f8]
Event: 1.185 Thread 0x000000000205a000  380             com.android.dex.Dex$Section::readCode (136 bytes)
Event: 1.190 Thread 0x0000000002056800 nmethod 378 0x0000000002178750 code [0x0000000002178a80, 0x000000000217a678]
Event: 1.191 Thread 0x0000000002056800  381             com.android.dex.Code::<init> (44 bytes)
Event: 1.191 Thread 0x0000000002056800 nmethod 381 0x0000000002157210 code [0x0000000002157340, 0x00000000021573b8]
Event: 1.191 Thread 0x0000000002056800  382             com.android.dx.merge.DexMerger::transformCode (252 bytes)

GC Heap History (4 events):
Event: 0.799 GC heap before
{Heap before GC invocations=1 (full 0):
 PSYoungGen      total 28672K, used 25088K [0x00000000eaa80000, 0x00000000eca00000, 0x0000000100000000)
  eden space 25088K, 100% used [0x00000000eaa80000,0x00000000ec300000,0x00000000ec300000)
  from space 3584K, 0% used [0x00000000ec680000,0x00000000ec680000,0x00000000eca00000)
  to   space 3584K, 0% used [0x00000000ec300000,0x00000000ec300000,0x00000000ec680000)
 ParOldGen       total 64000K, used 0K [0x00000000c0000000, 0x00000000c3e80000, 0x00000000eaa80000)
  object space 64000K, 0% used [0x00000000c0000000,0x00000000c0000000,0x00000000c3e80000)
 PSPermGen       total 21504K, used 6327K [0x00000000bae00000, 0x00000000bc300000, 0x00000000c0000000)
  object space 21504K, 29% used [0x00000000bae00000,0x00000000bb42dc08,0x00000000bc300000)
Event: 0.809 GC heap after
Heap after GC invocations=1 (full 0):
 PSYoungGen      total 28672K, used 3579K [0x00000000eaa80000, 0x00000000ee280000, 0x0000000100000000)
  eden space 25088K, 0% used [0x00000000eaa80000,0x00000000eaa80000,0x00000000ec300000)
  from space 3584K, 99% used [0x00000000ec300000,0x00000000ec67edb8,0x00000000ec680000)
  to   space 3584K, 0% used [0x00000000edf00000,0x00000000edf00000,0x00000000ee280000)
 ParOldGen       total 64000K, used 6354K [0x00000000c0000000, 0x00000000c3e80000, 0x00000000eaa80000)
  object space 64000K, 9% used [0x00000000c0000000,0x00000000c0634880,0x00000000c3e80000)
 PSPermGen       total 21504K, used 6327K [0x00000000bae00000, 0x00000000bc300000, 0x00000000c0000000)
  object space 21504K, 29% used [0x00000000bae00000,0x00000000bb42dc08,0x00000000bc300000)
}
Event: 1.019 GC heap before
{Heap before GC invocations=2 (full 0):
 PSYoungGen      total 28672K, used 28667K [0x00000000eaa80000, 0x00000000ee280000, 0x0000000100000000)
  eden space 25088K, 100% used [0x00000000eaa80000,0x00000000ec300000,0x00000000ec300000)
  from space 3584K, 99% used [0x00000000ec300000,0x00000000ec67edb8,0x00000000ec680000)
  to   space 3584K, 0% used [0x00000000edf00000,0x00000000edf00000,0x00000000ee280000)
 ParOldGen       total 64000K, used 6354K [0x00000000c0000000, 0x00000000c3e80000, 0x00000000eaa80000)
  object space 64000K, 9% used [0x00000000c0000000,0x00000000c0634880,0x00000000c3e80000)
 PSPermGen       total 21504K, used 6369K [0x00000000bae00000, 0x00000000bc300000, 0x00000000c0000000)
  object space 21504K, 29% used [0x00000000bae00000,0x00000000bb438550,0x00000000bc300000)
Event: 1.045 GC heap after
Heap after GC invocations=2 (full 0):
 PSYoungGen      total 53760K, used 3568K [0x00000000eaa80000, 0x00000000ee280000, 0x0000000100000000)
  eden space 50176K, 0% used [0x00000000eaa80000,0x00000000eaa80000,0x00000000edb80000)
  from space 3584K, 99% used [0x00000000edf00000,0x00000000ee27c000,0x00000000ee280000)
  to   space 3584K, 0% used [0x00000000edb80000,0x00000000edb80000,0x00000000edf00000)
 ParOldGen       total 64000K, used 32356K [0x00000000c0000000, 0x00000000c3e80000, 0x00000000eaa80000)
  object space 64000K, 50% used [0x00000000c0000000,0x00000000c1f99048,0x00000000c3e80000)
 PSPermGen       total 21504K, used 6369K [0x00000000bae00000, 0x00000000bc300000, 0x00000000c0000000)
  object space 21504K, 29% used [0x00000000bae00000,0x00000000bb438550,0x00000000bc300000)
}

Deoptimization events (1 events):
Event: 0.784 Thread 0x0000000001f60800 Uncommon trap: reason=predicate action=maybe_recompile pc=0x0000000002113f88 method=com.android.dex.Leb128.readUnsignedLeb128(Lcom/android/dex/util/ByteInput;)I @ 41

Internal exceptions (5 events):
Event: 0.020 Thread 0x0000000001f60800 Threw 0x00000000eaa90720 at C:\re\jdk7u67\1368\hotspot\src\share\vm\prims\jni.cpp:3991
Event: 0.670 Thread 0x0000000001f60800 Threw 0x00000000ebe0fc78 at C:\re\jdk7u67\1368\hotspot\src\share\vm\prims\jvm.cpp:1244
Event: 0.670 Thread 0x0000000001f60800 Threw 0x00000000ebe0fda0 at C:\re\jdk7u67\1368\hotspot\src\share\vm\prims\jvm.cpp:1244
Event: 0.671 Thread 0x0000000001f60800 Threw 0x00000000ebe136b0 at C:\re\jdk7u67\1368\hotspot\src\share\vm\prims\jvm.cpp:1244
Event: 0.671 Thread 0x0000000001f60800 Threw 0x00000000ebe137d8 at C:\re\jdk7u67\1368\hotspot\src\share\vm\prims\jvm.cpp:1244

Events (10 events):
Event: 0.678 loading class 0x000000000a777a80 done
Event: 0.784 Thread 0x0000000001f60800 Uncommon trap: trap_request=0xffffff86 fr.pc=0x0000000002113f88
Event: 0.784 Thread 0x0000000001f60800 DEOPT PACKING pc=0x0000000002113f88 sp=0x0000000001f5ed10
Event: 0.784 Thread 0x0000000001f60800 DEOPT UNPACKING pc=0x00000000020975a4 sp=0x0000000001f5ecb8 mode 2
Event: 0.799 Executing VM operation: ParallelGCFailedAllocation
Event: 0.809 Executing VM operation: ParallelGCFailedAllocation done
Event: 0.950 loading class 0x000000000a5d42d0
Event: 0.950 loading class 0x000000000a5d42d0 done
Event: 1.019 Executing VM operation: ParallelGCFailedAllocation
Event: 1.045 Executing VM operation: ParallelGCFailedAllocation done


Dynamic libraries:
0x00007ff6c0590000 - 0x00007ff6c05c3000 	C:\Windows\system32\java.exe
0x00007ffb709d0000 - 0x00007ffb70b7c000 	C:\Windows\SYSTEM32\ntdll.dll
0x00007ffb6e6b0000 - 0x00007ffb6e7ea000 	C:\Windows\system32\KERNEL32.DLL
0x00007ffb6e0f0000 - 0x00007ffb6e1ff000 	C:\Windows\system32\KERNELBASE.dll
0x00007ffb6c950000 - 0x00007ffb6c9d8000 	C:\Windows\system32\apphelp.dll
0x00007ffb57080000 - 0x00007ffb570cf000 	C:\Windows\AppPatch\AppPatch64\AcGenral.DLL
0x00007ffb6ea10000 - 0x00007ffb6eab7000 	C:\Windows\system32\msvcrt.dll
0x00007ffb6dbf0000 - 0x00007ffb6dc1b000 	C:\Windows\system32\SspiCli.dll
0x00007ffb6ecb0000 - 0x00007ffb6ed01000 	C:\Windows\system32\SHLWAPI.dll
0x00007ffb6e510000 - 0x00007ffb6e681000 	C:\Windows\system32\USER32.dll
0x00007ffb6e890000 - 0x00007ffb6ea08000 	C:\Windows\system32\ole32.dll
0x00007ffb6f420000 - 0x00007ffb7082f000 	C:\Windows\system32\SHELL32.dll
0x00007ffb6d6d0000 - 0x00007ffb6d6ee000 	C:\Windows\system32\USERENV.dll
0x00007ffb6ed70000 - 0x00007ffb6ee15000 	C:\Windows\system32\ADVAPI32.dll
0x00007ffb65820000 - 0x00007ffb6583b000 	C:\Windows\system32\MPR.dll
0x00007ffb6eea0000 - 0x00007ffb6efd7000 	C:\Windows\system32\RPCRT4.dll
0x00007ffb6efe0000 - 0x00007ffb6f037000 	C:\Windows\SYSTEM32\sechost.dll
