#
# There is insufficient memory for the Java Runtime Environment to continue.
# Native memory allocation (malloc) failed to allocate 1048576 bytes for AllocateHeap
# Possible reasons:
#   The system is out of physical RAM or swap space
#   In 32 bit mode, the process size limit was hit
# Possible solutions:
#   Reduce memory load on the system
#   Increase physical memory or swap space
#   Check if swap backing store is full
#   Use 64 bit Java on a 64 bit OS
#   Decrease Java heap size (-Xmx/-Xms)
#   Decrease number of Java threads
#   Decrease Java thread stack sizes (-Xss)
#   Set larger code cache with -XX:ReservedCodeCacheSize=
# This output file may be truncated or incomplete.
#
#  Out of Memory Error (memory/allocation.inline.hpp:61), pid=7808, tid=7848
#
# JRE version:  (7.0_67-b01) (build )
# Java VM: Java HotSpot(TM) 64-Bit Server VM (24.65-b04 mixed mode windows-amd64 compressed oops)
# Failed to write core dump. Minidumps are not enabled by default on client versions of Windows
#

---------------  T H R E A D  ---------------

Current thread (0x00000000020c0800):  JavaThread "Unknown thread" [_thread_in_vm, id=7848, stack(0x0000000001fb0000,0x00000000020b0000)]

Stack: [0x0000000001fb0000,0x00000000020b0000]
[error occurred during error reporting (printing stack bounds), id 0xc0000005]


---------------  P R O C E S S  ---------------

Java Threads: ( => current thread )

Other Threads:

=>0x00000000020c0800 (exited) JavaThread "Unknown thread" [_thread_in_vm, id=7848, stack(0x0000000001fb0000,0x00000000020b0000)]

VM state:not at safepoint (normal execution)

VM Mutex/Monitor currently owned by a thread: None

Heap
 PSYoungGen      total 28672K, used 501K [0x00000000e0900000, 0x00000000e2880000, 0x0000000100000000)
  eden space 25088K, 2% used [0x00000000e0900000,0x00000000e097d778,0x00000000e2180000)
  from space 3584K, 0% used [0x00000000e2500000,0x00000000e2500000,0x00000000e2880000)
  to   space 3584K, 0% used [0x00000000e2180000,0x00000000e2180000,0x00000000e2500000)
 ParOldGen       total 64000K, used 0K [0x00000000a1c00000, 0x00000000a5a80000, 0x00000000e0900000)
  object space 64000K, 0% used [0x00000000a1c00000,0x00000000a1c00000,0x00000000a5a80000)
 PSPermGen       total 21504K, used 693K [0x000000009ca00000, 0x000000009df00000, 0x00000000a1c00000)
  object space 21504K, 3% used [0x000000009ca00000,0x000000009caad660,0x000000009df00000)

Card table byte_map: [0x0000000005280000,0x00000000055a0000] byte_map_base: 0x0000000004d9b000

Polling page: 0x00000000008d0000

Code Cache  [0x00000000021c0000, 0x0000000002430000, 0x00000000051c0000)
 total_blobs=38 nmethods=0 adapters=20 free_code_cache=48889Kb largest_free_block=50062528

Compilation events (0 events):
No events

GC Heap History (0 events):
No events

Deoptimization events (0 events):
No events

Internal exceptions (0 events):
No events

Events (10 events):
Event: 0.030 loading class 0x00000000021112d0
Event: 0.031 loading class 0x00000000021112d0 done
Event: 0.031 loading class 0x0000000002111320
Event: 0.031 loading class 0x0000000002111320 done
Event: 0.031 loading class 0x0000000002111370
Event: 0.031 loading class 0x0000000002111370 done
Event: 0.032 loading class 0x00000000021120d0
Event: 0.032 loading class 0x00000000021120d0 done
Event: 0.032 loading class 0x0000000002111cf0
Event: 0.032 loading class 0x0000000002111cf0 done


Dynamic libraries:
0x00007ff6ca960000 - 0x00007ff6ca993000 	C:\Program Files\Java\jdk1.7.0_67\bin\java.exe
0x00007ff9f1d90000 - 0x00007ff9f1f3c000 	C:\Windows\SYSTEM32\ntdll.dll
0x00007ff9ef610000 - 0x00007ff9ef74a000 	C:\Windows\system32\KERNEL32.DLL
0x00007ff9ef400000 - 0x00007ff9ef50f000 	C:\Windows\system32\KERNELBASE.dll
0x00007ff9edd10000 - 0x00007ff9edd98000 	C:\Windows\system32\apphelp.dll
0x00007ff9e9b70000 - 0x00007ff9e9bbf000 	C:\Windows\AppPatch\AppPatch64\AcGenral.DLL
0x00007ff9f1c80000 - 0x00007ff9f1d27000 	C:\Windows\system32\msvcrt.dll
0x00007ff9eefb0000 - 0x00007ff9eefdb000 	C:\Windows\SYSTEM32\SspiCli.dll
0x00007ff9efef0000 - 0x00007ff9eff41000 	C:\Windows\system32\SHLWAPI.dll
0x00007ff9ef960000 - 0x00007ff9efad1000 	C:\Windows\system32\USER32.dll
0x00007ff9efd70000 - 0x00007ff9efee8000 	C:\Windows\system32\ole32.dll
0x00007ff9f0670000 - 0x00007ff9f1a7f000 	C:\Windows\system32\SHELL32.dll
0x00007ff9ee990000 - 0x00007ff9ee9ae000 	C:\Windows\SYSTEM32\USERENV.dll
0x00007ff9eff50000 - 0x00007ff9efff5000 	C:\Windows\system32\ADVAPI32.dll
0x00007ff9e6f80000 - 0x00007ff9e6f9b000 	C:\Windows\SYSTEM32\MPR.dll
0x00007ff9f03f0000 - 0x00007ff9f0527000 	C:\Windows\system32\RPCRT4.dll
0x00007ff9f0390000 - 0x00007ff9f03e7000 	C:\Windows\SYSTEM32\sechost.dll
0x00007ff9efae0000 - 0x00007ff9efcb6000 	C:\Windows\SYSTEM32\combase.dll
0x00007ff9ef810000 - 0x00007ff9ef954000 	C:\Windows\system32\GDI32.dll
0x00007ff9ef100000 - 0x00007ff9ef114000 	C:\Windows\SYSTEM32\profapi.dll
0x00007ff9ed580000 - 0x00007ff9ed61f000 	C:\Windows\SYSTEM32\SHCORE.dll
0x00007ff9efcc0000 - 0x00007ff9efcf4000 	C:\Windows\system32\IMM32.DLL
0x00007ff9f0530000 - 0x00007ff9f0669000 	C:\Windows\system32\MSCTF.dll
0x00007ff9ecbb0000 - 0x00007ff9ece0a000 	C:\Windows\WinSxS\amd64_microsoft.windows.common-controls_6595b64144ccf1df_6.0.9600.17031_none_6242a4b3ecbb55a1\COMCTL32.dll
0x0000000075c60000 - 0x0000000075d32000 	C:\Program Files\Java\jdk1.7.0_67\jre\bin\msvcr100.dll
0x00000000761d0000 - 0x00000000769a2000 	C:\Program Files\Java\jdk1.7.0_67\jre\bin\server\jvm.dll
0x00007ff9e2310000 - 0x00007ff9e2319000 	C:\Windows\SYSTEM32\WSOCK32.dll
0x00007ff9ebe10000 - 0x00007ff9ebe2f000 	C:\Windows\SYSTEM32\WINMM.dll
0x00007ff9ef7f0000 - 0x00007ff9ef7f7000 	C:\Windows\system32\PSAPI.DLL
0x00007ff9efd00000 - 0x00007ff9efd58000 	C:\Windows\system32\WS2_32.dll
0x00007ff9ebde0000 - 0x00007ff9ebe0a000 	C:\Windows\SYSTEM32\WINMMBASE.dll
0x00007ff9ef800000 - 0x00007ff9ef809000 	C:\Windows\system32\NSI.dll
0x00007ff9ef3b0000 - 0x00007ff9ef3fa000 	C:\Windows\SYSTEM32\cfgmgr32.dll
0x00007ff9edf70000 - 0x00007ff9edf96000 	C:\Windows\SYSTEM32\DEVOBJ.dll
0x00000000760e0000 - 0x00000000760ef000 	C:\Program Files\Java\jdk1.7.0_67\jre\bin\verify.dll
0x00000000760b0000 - 0x00000000760d8000 	C:\Program Files\Java\jdk1.7.0_67\jre\bin\java.dll
0x0000000076090000 - 0x00000000760a5000 	C:\Program Files\Java\jdk1.7.0_67\jre\bin\zip.dll

VM Arguments:
java_command: <unknown>
Launcher Type: SUN_STANDARD

Environment Variables:
PATH=C:\Windows\system32;C:\Windows;C:\Windows\System32\Wbem;C:\Windows\System32\WindowsPowerShell\v1.0\;C:\Program Files\MATLAB\R2014a\runtime\win64;C:\Program Files\MATLAB\R2014a\bin;C:\Program Files\MATLAB\R2014a\polyspace\bin;C:\Source\texlive\2014\bin\win32
USERNAME=Igor
OS=Windows_NT
PROCESSOR_IDENTIFIER=Intel64 Family 6 Model 58 Stepping 9, GenuineIntel



---------------  S Y S T E M  ---------------

OS: Windows 8.1 , 64 bit Build 9600 

CPU:total 8 (4 cores per cpu, 2 threads per core) family 6 model 58 stepping 9, cmov, cx8, fxsr, mmx, sse, sse2, sse3, ssse3, sse4.1, sse4.2, popcnt, avx, aes, erms, ht, tsc, tscinvbit, tscinv

Memory: 4k page, physical 6174292k(860100k free), swap 9320020k(5696k free)

vm_info: Java HotSpot(TM) 64-Bit Server VM (24.65-b04) for windows-amd64 JRE (1.7.0_67-b01), built on Jul 25 2014 08:55:00 by "java_re" with unknown MS VC++:1600

time: Sun Feb 15 12:02:19 2015
elapsed time: 0 seconds

